Using pre-set license
Built from '2021.3/staging' branch; Version is '2021.3.20f1 (577897200b8b) revision 5732503'; Using compiler version '192829333'; Build Type 'Release'
OS: 'Windows 11  (10.0.22621) 64bit CoreSingleLanguage' Language: 'en' Physical Memory: 8013 MB
BatchMode: 1, IsHumanControllingUs: 0, StartBugReporterOnCrash: 0, Is64bit: 1, IsPro: 1

COMMAND LINE ARGUMENTS:
C:\Program Files\Unity\Hub\Editor\2021.3.20f1\Editor\Unity.exe
-adb2
-batchMode
-noUpm
-name
AssetImportWorker2
-projectPath
D:/CodeGym_Unity/CodeGymOnline_Less02
-logFile
Logs/AssetImportWorker2.log
-srvPort
54332
Successfully changed project path to: D:/CodeGym_Unity/CodeGymOnline_Less02
D:/CodeGym_Unity/CodeGymOnline_Less02
[UnityMemory] Configuration Parameters - Can be set up in boot.config
    "memorysetup-bucket-allocator-granularity=16"
    "memorysetup-bucket-allocator-bucket-count=8"
    "memorysetup-bucket-allocator-block-size=33554432"
    "memorysetup-bucket-allocator-block-count=8"
    "memorysetup-main-allocator-block-size=16777216"
    "memorysetup-thread-allocator-block-size=16777216"
    "memorysetup-gfx-main-allocator-block-size=16777216"
    "memorysetup-gfx-thread-allocator-block-size=16777216"
    "memorysetup-cache-allocator-block-size=4194304"
    "memorysetup-typetree-allocator-block-size=2097152"
    "memorysetup-profiler-bucket-allocator-granularity=16"
    "memorysetup-profiler-bucket-allocator-bucket-count=8"
    "memorysetup-profiler-bucket-allocator-block-size=33554432"
    "memorysetup-profiler-bucket-allocator-block-count=8"
    "memorysetup-profiler-allocator-block-size=16777216"
    "memorysetup-profiler-editor-allocator-block-size=1048576"
    "memorysetup-temp-allocator-size-main=16777216"
    "memorysetup-job-temp-allocator-block-size=2097152"
    "memorysetup-job-temp-allocator-block-size-background=1048576"
    "memorysetup-job-temp-allocator-reduction-small-platforms=262144"
    "memorysetup-temp-allocator-size-background-worker=32768"
    "memorysetup-temp-allocator-size-job-worker=262144"
    "memorysetup-temp-allocator-size-preload-manager=33554432"
    "memorysetup-temp-allocator-size-nav-mesh-worker=65536"
    "memorysetup-temp-allocator-size-audio-worker=65536"
    "memorysetup-temp-allocator-size-cloud-worker=32768"
    "memorysetup-temp-allocator-size-gi-baking-worker=262144"
    "memorysetup-temp-allocator-size-gfx=262144"
Player connection [14532] Host "[IP] 192.168.1.4 [Port] 0 [Flags] 2 [Guid] 463669591 [EditorId] 463669591 [Version] 1048832 [Id] WindowsEditor(7,MSI) [Debug] 1 [PackageName] WindowsEditor [ProjectName] Editor" joined multi-casting on [225.0.0.222:54997]...

Player connection [14532] Host "[IP] 192.168.1.4 [Port] 0 [Flags] 2 [Guid] 463669591 [EditorId] 463669591 [Version] 1048832 [Id] WindowsEditor(7,MSI) [Debug] 1 [PackageName] WindowsEditor [ProjectName] Editor" joined alternative multi-casting on [225.0.0.222:34997]...

Refreshing native plugins compatible for Editor in 93.46 ms, found 3 plugins.
Preloading 0 native plugins for Editor in 0.00 ms.
Initialize engine version: 2021.3.20f1 (577897200b8b)
[Subsystems] Discovering subsystems at path C:/Program Files/Unity/Hub/Editor/2021.3.20f1/Editor/Data/Resources/UnitySubsystems
[Subsystems] Discovering subsystems at path D:/CodeGym_Unity/CodeGymOnline_Less02/Assets
GfxDevice: creating device client; threaded=0; jobified=0
Direct3D:
    Version:  Direct3D 11.0 [level 11.1]
    Renderer: NVIDIA GeForce GTX 1650 with Max-Q Design (ID=0x1f9d)
    Vendor:   NVIDIA
    VRAM:     3950 MB
    Driver:   31.0.15.3118
Initialize mono
Mono path[0] = 'C:/Program Files/Unity/Hub/Editor/2021.3.20f1/Editor/Data/Managed'
Mono path[1] = 'C:/Program Files/Unity/Hub/Editor/2021.3.20f1/Editor/Data/MonoBleedingEdge/lib/mono/unityjit-win32'
Mono config path = 'C:/Program Files/Unity/Hub/Editor/2021.3.20f1/Editor/Data/MonoBleedingEdge/etc'
Using monoOptions --debugger-agent=transport=dt_socket,embedding=1,server=y,suspend=n,address=127.0.0.1:56344
Begin MonoManager ReloadAssembly
Registering precompiled unity dll's ...
Register platform support module: C:/Program Files/Unity/Hub/Editor/2021.3.20f1/Editor/Data/PlaybackEngines/WebGLSupport/UnityEditor.WebGL.Extensions.dll
Register platform support module: C:/Program Files/Unity/Hub/Editor/2021.3.20f1/Editor/Data/PlaybackEngines/WindowsStandaloneSupport/UnityEditor.WindowsStandalone.Extensions.dll
Registered in 0.013132 seconds.
Native extension for WindowsStandalone target not found
Native extension for WebGL target not found
Refreshing native plugins compatible for Editor in 77.86 ms, found 3 plugins.
Preloading 0 native plugins for Editor in 0.00 ms.
Mono: successfully reloaded assembly
- Completed reload, in  0.668 seconds
Domain Reload Profiling:
	ReloadAssembly (668ms)
		BeginReloadAssembly (126ms)
			ExecutionOrderSort (0ms)
			DisableScriptedObjects (0ms)
			BackupInstance (0ms)
			ReleaseScriptingObjects (0ms)
			CreateAndSetChildDomain (1ms)
		EndReloadAssembly (439ms)
			LoadAssemblies (125ms)
			RebuildTransferFunctionScriptingTraits (0ms)
			SetupTypeCache (111ms)
			ReleaseScriptCaches (0ms)
			RebuildScriptCaches (31ms)
			SetupLoadedEditorAssemblies (245ms)
				LogAssemblyErrors (0ms)
				InitializePlatformSupportModulesInManaged (8ms)
				SetLoadedEditorAssemblies (0ms)
				RefreshPlugins (78ms)
				BeforeProcessingInitializeOnLoad (1ms)
				ProcessInitializeOnLoadAttributes (117ms)
				ProcessInitializeOnLoadMethodAttributes (41ms)
				AfterProcessingInitializeOnLoad (0ms)
				EditorAssembliesLoaded (0ms)
			ExecutionOrderSort2 (0ms)
			AwakeInstancesAfterBackupRestoration (0ms)
Platform modules already initialized, skipping
Registering precompiled user dll's ...
Registered in 0.004065 seconds.
Begin MonoManager ReloadAssembly
Symbol file LoadedFromMemory doesn't match image D:\CodeGym_Unity\CodeGymOnline_Less02\Library\PackageCache\com.unity.visualscripting@1.8.0\Editor\VisualScripting.Core\Dependencies\YamlDotNet\Unity.VisualScripting.YamlDotNet.dll
Symbol file LoadedFromMemory doesn't match image D:\CodeGym_Unity\CodeGymOnline_Less02\Library\PackageCache\com.unity.visualscripting@1.8.0\Editor\VisualScripting.Core\Dependencies\DotNetZip\Unity.VisualScripting.IonicZip.dll
Native extension for WindowsStandalone target not found
Native extension for WebGL target not found
Refreshing native plugins compatible for Editor in 2.01 ms, found 3 plugins.
Preloading 0 native plugins for Editor in 0.00 ms.
Mono: successfully reloaded assembly
- Completed reload, in  1.374 seconds
Domain Reload Profiling:
	ReloadAssembly (1375ms)
		BeginReloadAssembly (197ms)
			ExecutionOrderSort (0ms)
			DisableScriptedObjects (8ms)
			BackupInstance (0ms)
			ReleaseScriptingObjects (0ms)
			CreateAndSetChildDomain (35ms)
		EndReloadAssembly (1012ms)
			LoadAssemblies (195ms)
			RebuildTransferFunctionScriptingTraits (0ms)
			SetupTypeCache (335ms)
			ReleaseScriptCaches (1ms)
			RebuildScriptCaches (82ms)
			SetupLoadedEditorAssemblies (368ms)
				LogAssemblyErrors (0ms)
				InitializePlatformSupportModulesInManaged (12ms)
				SetLoadedEditorAssemblies (1ms)
				RefreshPlugins (2ms)
				BeforeProcessingInitializeOnLoad (112ms)
				ProcessInitializeOnLoadAttributes (213ms)
				ProcessInitializeOnLoadMethodAttributes (21ms)
				AfterProcessingInitializeOnLoad (7ms)
				EditorAssembliesLoaded (0ms)
			ExecutionOrderSort2 (0ms)
			AwakeInstancesAfterBackupRestoration (8ms)
Platform modules already initialized, skipping
========================================================================
Worker process is ready to serve import requests
Launched and connected shader compiler UnityShaderCompiler.exe after 0.07 seconds
Refreshing native plugins compatible for Editor in 1.45 ms, found 3 plugins.
Preloading 0 native plugins for Editor in 0.00 ms.
Unloading 3047 Unused Serialized files (Serialized files now loaded: 0)
Unloading 24 unused Assets / (113.4 KB). Loaded Objects now: 3507.
Memory consumption went from 107.4 MB to 107.3 MB.
Total: 3.762500 ms (FindLiveObjects: 0.322200 ms CreateObjectMapping: 0.260500 ms MarkObjects: 2.956900 ms  DeleteObjects: 0.220900 ms)

AssetImportParameters requested are different than current active one (requested -> active):
  custom:video-decoder-ogg-theora: a1e56fd34408186e4bbccfd4996cb3dc -> 
  custom:container-muxer-webm: aa71ff27fc2769a1b78a27578f13a17b -> 
  custom:container-demuxer-webm: 4f35f7cbe854078d1ac9338744f61a02 -> 
  custom:video-encoder-webm-vp8: eb34c28f22e8b96e1ab97ce403110664 -> 
  custom:audio-encoder-webm-vorbis: bf7c407c2cedff20999df2af8eb42d56 -> 
  custom:framework-win-MediaFoundation: 216162199b28c13a410421893ffa2e32 -> 
  custom:container-demuxer-ogg: 62fdf1f143b41e24485cea50d1cbac27 -> 
  custom:video-decoder-webm-vp8: 9c59270c3fd7afecdb556c50c9e8de78 -> 
  custom:audio-decoder-ogg-vorbis: bf7c407c2cedff20999df2af8eb42d56 -> 
========================================================================
Received Import Request.
  Time since last request: 348383.846433 seconds.
  path: Assets/Sprites/Models/Corn3.fbx
  artifactKey: Guid(b7cebc7e3ea1b044f80a7b04fa56e6fd) Importer(815301076,1909f56bfc062723c751e8b465ee728b)
Start importing Assets/Sprites/Models/Corn3.fbx using Guid(b7cebc7e3ea1b044f80a7b04fa56e6fd) Importer(815301076,1909f56bfc062723c751e8b465ee728b)  -> (artifact id: 'eedfa93500375d8a72717b470d33ac5a') in 0.527487 seconds 
========================================================================
Received Import Request.
  Time since last request: 0.000049 seconds.
  path: Assets/Sprites/Models/Food_bar.fbx
  artifactKey: Guid(874067a31cbeabd4fa87dda3dd601664) Importer(815301076,1909f56bfc062723c751e8b465ee728b)
Start importing Assets/Sprites/Models/Food_bar.fbx using Guid(874067a31cbeabd4fa87dda3dd601664) Importer(815301076,1909f56bfc062723c751e8b465ee728b)  -> (artifact id: 'bb5d48332101e85468f2636450c063ba') in 0.043593 seconds 
========================================================================
Received Import Request.
  Time since last request: 0.000075 seconds.
  path: Assets/Sprites/Models/House13.fbx
  artifactKey: Guid(4b40221022404f146b663b08bf71a530) Importer(815301076,1909f56bfc062723c751e8b465ee728b)
Start importing Assets/Sprites/Models/House13.fbx using Guid(4b40221022404f146b663b08bf71a530) Importer(815301076,1909f56bfc062723c751e8b465ee728b)  -> (artifact id: '867f0a009f8de3b3d0c39a66e24e9dd5') in 0.038684 seconds 
========================================================================
Received Import Request.
  Time since last request: 0.000017 seconds.
  path: Assets/Sprites/Models/Garage1.fbx
  artifactKey: Guid(a2e4438e64f604449900e0fbba0b271e) Importer(815301076,1909f56bfc062723c751e8b465ee728b)
Start importing Assets/Sprites/Models/Garage1.fbx using Guid(a2e4438e64f604449900e0fbba0b271e) Importer(815301076,1909f56bfc062723c751e8b465ee728b)  -> (artifact id: 'c674a0497ba57e8f282c62fd1e624ad3') in 0.041392 seconds 
========================================================================
Received Import Request.
  Time since last request: 0.000031 seconds.
  path: Assets/Sprites/Models/House8.fbx
  artifactKey: Guid(9371c2d2fa49697408b0e88a7ac41d05) Importer(815301076,1909f56bfc062723c751e8b465ee728b)
Start importing Assets/Sprites/Models/House8.fbx using Guid(9371c2d2fa49697408b0e88a7ac41d05) Importer(815301076,1909f56bfc062723c751e8b465ee728b)  -> (artifact id: 'c009efac4fcf4f0634386491bebce64e') in 0.041987 seconds 
========================================================================
Received Import Request.
  Time since last request: 0.000021 seconds.
  path: Assets/Sprites/Models/Gas_Banner.fbx
  artifactKey: Guid(e824d2a6681ebed42a46d26f47255a1c) Importer(815301076,1909f56bfc062723c751e8b465ee728b)
Start importing Assets/Sprites/Models/Gas_Banner.fbx using Guid(e824d2a6681ebed42a46d26f47255a1c) Importer(815301076,1909f56bfc062723c751e8b465ee728b)  -> (artifact id: '2d69278c758383fb5b7435c399646811') in 0.041650 seconds 
========================================================================
Received Import Request.
  Time since last request: 0.000064 seconds.
  path: Assets/Sprites/Models/House14.fbx
  artifactKey: Guid(22e1e5da0b586d349b7214f73f8a3260) Importer(815301076,1909f56bfc062723c751e8b465ee728b)
Start importing Assets/Sprites/Models/House14.fbx using Guid(22e1e5da0b586d349b7214f73f8a3260) Importer(815301076,1909f56bfc062723c751e8b465ee728b)  -> (artifact id: '212b1f22cdf61057742888fc791141ca') in 0.047569 seconds 
========================================================================
Received Import Request.
  Time since last request: 0.000064 seconds.
  path: Assets/Sprites/Models/Garage4.fbx
  artifactKey: Guid(5026dafcd1d01cc47a6d55044316f353) Importer(815301076,1909f56bfc062723c751e8b465ee728b)
Start importing Assets/Sprites/Models/Garage4.fbx using Guid(5026dafcd1d01cc47a6d55044316f353) Importer(815301076,1909f56bfc062723c751e8b465ee728b)  -> (artifact id: '02b794005fa76190aff28655cf30fef2') in 0.042003 seconds 
========================================================================
Received Import Request.
  Time since last request: 0.000043 seconds.
  path: Assets/Sprites/Models/Gas_bottle.fbx
  artifactKey: Guid(fc50a7961060f91438e7949144cbe2f6) Importer(815301076,1909f56bfc062723c751e8b465ee728b)
Start importing Assets/Sprites/Models/Gas_bottle.fbx using Guid(fc50a7961060f91438e7949144cbe2f6) Importer(815301076,1909f56bfc062723c751e8b465ee728b)  -> (artifact id: 'b170d5404635dde0bc63038d0aedd4c9') in 0.049890 seconds 
========================================================================
Received Import Request.
  Time since last request: 0.021777 seconds.
  path: Assets/Sprites/Models/House17.fbx
  artifactKey: Guid(6cfa97fd98c478e46ad896e83e10a34e) Importer(815301076,1909f56bfc062723c751e8b465ee728b)
Start importing Assets/Sprites/Models/House17.fbx using Guid(6cfa97fd98c478e46ad896e83e10a34e) Importer(815301076,1909f56bfc062723c751e8b465ee728b)  -> (artifact id: '7e6cfcbc5b5582ebb9249b1914e66925') in 0.037164 seconds 
========================================================================
Received Import Request.
  Time since last request: 0.000024 seconds.
  path: Assets/Sprites/Models/Pipe1D.fbx
  artifactKey: Guid(44bb80a806c755d419665b6a4ce0bd36) Importer(815301076,1909f56bfc062723c751e8b465ee728b)
Start importing Assets/Sprites/Models/Pipe1D.fbx using Guid(44bb80a806c755d419665b6a4ce0bd36) Importer(815301076,1909f56bfc062723c751e8b465ee728b)  -> (artifact id: 'd65f9c57eb8d7014489bb3780c23f7dc') in 0.038098 seconds 
========================================================================
Received Import Request.
  Time since last request: 0.000020 seconds.
  path: Assets/Sprites/Models/Pipe1E.fbx
  artifactKey: Guid(6049b0506c728d54b847c5681313827d) Importer(815301076,1909f56bfc062723c751e8b465ee728b)
Start importing Assets/Sprites/Models/Pipe1E.fbx using Guid(6049b0506c728d54b847c5681313827d) Importer(815301076,1909f56bfc062723c751e8b465ee728b)  -> (artifact id: '21f9760ebfe4415d4a9e76108bdcd451') in 0.033181 seconds 
========================================================================
Received Import Request.
  Time since last request: 0.000027 seconds.
  path: Assets/Sprites/Models/Pumpkin4.fbx
  artifactKey: Guid(93b6db3f4736a9d4789ee9cbe3a04144) Importer(815301076,1909f56bfc062723c751e8b465ee728b)
Start importing Assets/Sprites/Models/Pumpkin4.fbx using Guid(93b6db3f4736a9d4789ee9cbe3a04144) Importer(815301076,1909f56bfc062723c751e8b465ee728b)  -> (artifact id: 'f53e7c47b909847f9ff5a20b947782d2') in 0.055304 seconds 
========================================================================
Received Import Request.
  Time since last request: 0.000034 seconds.
  path: Assets/Sprites/Models/Pipe1C.fbx
  artifactKey: Guid(d99ffc8073d25dd49baf92eb19d98f91) Importer(815301076,1909f56bfc062723c751e8b465ee728b)
Start importing Assets/Sprites/Models/Pipe1C.fbx using Guid(d99ffc8073d25dd49baf92eb19d98f91) Importer(815301076,1909f56bfc062723c751e8b465ee728b)  -> (artifact id: '56933376dba072ec644669a409de7dad') in 0.033822 seconds 
========================================================================
Received Import Request.
  Time since last request: 0.000023 seconds.
  path: Assets/Sprites/Models/Powerpole1.fbx
  artifactKey: Guid(85fdd84abc357ff4fb29a5d25d6277b8) Importer(815301076,1909f56bfc062723c751e8b465ee728b)
Start importing Assets/Sprites/Models/Powerpole1.fbx using Guid(85fdd84abc357ff4fb29a5d25d6277b8) Importer(815301076,1909f56bfc062723c751e8b465ee728b)  -> (artifact id: '4e9a0666d754000e27510b4e1022ca6b') in 0.042947 seconds 
========================================================================
Received Import Request.
  Time since last request: 0.000030 seconds.
  path: Assets/Sprites/Models/Powrbox1.fbx
  artifactKey: Guid(1f0ef9932716f8c448914d40148a40f7) Importer(815301076,1909f56bfc062723c751e8b465ee728b)
Start importing Assets/Sprites/Models/Powrbox1.fbx using Guid(1f0ef9932716f8c448914d40148a40f7) Importer(815301076,1909f56bfc062723c751e8b465ee728b)  -> (artifact id: '454f29b4f345499fa14d987ca4b1eebe') in 0.045450 seconds 
========================================================================
Received Import Request.
  Time since last request: 0.000074 seconds.
  path: Assets/Sprites/Models/Powerpole1_cable.fbx
  artifactKey: Guid(b881c44cdec1f7b49a8461e4fb532fda) Importer(815301076,1909f56bfc062723c751e8b465ee728b)
Start importing Assets/Sprites/Models/Powerpole1_cable.fbx using Guid(b881c44cdec1f7b49a8461e4fb532fda) Importer(815301076,1909f56bfc062723c751e8b465ee728b)  -> (artifact id: '223f788c7732215304576320715f8909') in 0.037127 seconds 
========================================================================
Received Import Request.
  Time since last request: 0.150653 seconds.
  path: Assets/Sprites/Models/Road1.fbx
  artifactKey: Guid(5d3f6194d2c750b459b1ce9bcc89a748) Importer(815301076,1909f56bfc062723c751e8b465ee728b)
Start importing Assets/Sprites/Models/Road1.fbx using Guid(5d3f6194d2c750b459b1ce9bcc89a748) Importer(815301076,1909f56bfc062723c751e8b465ee728b)  -> (artifact id: 'a08f860772141de4b26cf4aaa2975e25') in 0.024766 seconds 
========================================================================
Received Import Request.
  Time since last request: 0.000015 seconds.
  path: Assets/Sprites/Models/Road7.fbx
  artifactKey: Guid(60d8c5111a4cf6644b1a4999dc30b389) Importer(815301076,1909f56bfc062723c751e8b465ee728b)
Start importing Assets/Sprites/Models/Road7.fbx using Guid(60d8c5111a4cf6644b1a4999dc30b389) Importer(815301076,1909f56bfc062723c751e8b465ee728b)  -> (artifact id: '462e5d1476a15dd33804d93c8ac85759') in 0.031154 seconds 
========================================================================
Received Import Request.
  Time since last request: 0.000026 seconds.
  path: Assets/Sprites/Models/Rock3.fbx
  artifactKey: Guid(ce127f0be8e4d074082e4541e0e52255) Importer(815301076,1909f56bfc062723c751e8b465ee728b)
Start importing Assets/Sprites/Models/Rock3.fbx using Guid(ce127f0be8e4d074082e4541e0e52255) Importer(815301076,1909f56bfc062723c751e8b465ee728b)  -> (artifact id: '298fb49cfecee4907e194975bf28a088') in 0.121382 seconds 
========================================================================
Received Import Request.
  Time since last request: 0.000039 seconds.
  path: Assets/Sprites/Models/Straw1.fbx
  artifactKey: Guid(25ad5fb22fe961146a8ce726c0f0072f) Importer(815301076,1909f56bfc062723c751e8b465ee728b)
Start importing Assets/Sprites/Models/Straw1.fbx using Guid(25ad5fb22fe961146a8ce726c0f0072f) Importer(815301076,1909f56bfc062723c751e8b465ee728b)  -> (artifact id: '062b50f9db11f3beda7f41e60e4f715c') in 0.038614 seconds 
========================================================================
Received Import Request.
  Time since last request: 0.000045 seconds.
  path: Assets/Sprites/Models/Signboard3.fbx
  artifactKey: Guid(babe5d4a0cc17e54caeab19751d88d59) Importer(815301076,1909f56bfc062723c751e8b465ee728b)
Start importing Assets/Sprites/Models/Signboard3.fbx using Guid(babe5d4a0cc17e54caeab19751d88d59) Importer(815301076,1909f56bfc062723c751e8b465ee728b)  -> (artifact id: '59f3795752cf3494a8009ca1603e4ef2') in 0.031195 seconds 
========================================================================
Received Import Request.
  Time since last request: 0.000022 seconds.
  path: Assets/Sprites/Models/Signboard5.fbx
  artifactKey: Guid(18b7637777976404aab80b53043712df) Importer(815301076,1909f56bfc062723c751e8b465ee728b)
Start importing Assets/Sprites/Models/Signboard5.fbx using Guid(18b7637777976404aab80b53043712df) Importer(815301076,1909f56bfc062723c751e8b465ee728b)  -> (artifact id: '7784089a2b0867584cd1be6209107247') in 0.035199 seconds 
========================================================================
Received Import Request.
  Time since last request: 0.000027 seconds.
  path: Assets/Sprites/Models/Shop_logo1.fbx
  artifactKey: Guid(9ac94c55402ecf84ab42f93f6a65c950) Importer(815301076,1909f56bfc062723c751e8b465ee728b)
Start importing Assets/Sprites/Models/Shop_logo1.fbx using Guid(9ac94c55402ecf84ab42f93f6a65c950) Importer(815301076,1909f56bfc062723c751e8b465ee728b)  -> (artifact id: '4335c90bcd4372faa096316564947553') in 0.036018 seconds 
========================================================================
Received Import Request.
  Time since last request: 0.000029 seconds.
  path: Assets/Sprites/Models/Road5.fbx
  artifactKey: Guid(6b1418f5cdb1f3b458a3f8eeef800c6d) Importer(815301076,1909f56bfc062723c751e8b465ee728b)
Start importing Assets/Sprites/Models/Road5.fbx using Guid(6b1418f5cdb1f3b458a3f8eeef800c6d) Importer(815301076,1909f56bfc062723c751e8b465ee728b)  -> (artifact id: 'ee5060c7dee70da17898b5dfb4981e4f') in 0.031196 seconds 
========================================================================
Received Import Request.
  Time since last request: 0.000042 seconds.
  path: Assets/Sprites/Models/Rock5.fbx
  artifactKey: Guid(f00e5356b8345364086c405b615a21fd) Importer(815301076,1909f56bfc062723c751e8b465ee728b)
Start importing Assets/Sprites/Models/Rock5.fbx using Guid(f00e5356b8345364086c405b615a21fd) Importer(815301076,1909f56bfc062723c751e8b465ee728b)  -> (artifact id: 'd878f65fdebe9fe5138504dc3c49e18d') in 0.033608 seconds 
========================================================================
Received Import Request.
  Time since last request: 0.122674 seconds.
  path: Assets/Sprites/Models/Straw4.fbx
  artifactKey: Guid(6effb6c1ff3b3a4418d88e0cae77e2b9) Importer(815301076,1909f56bfc062723c751e8b465ee728b)
Start importing Assets/Sprites/Models/Straw4.fbx using Guid(6effb6c1ff3b3a4418d88e0cae77e2b9) Importer(815301076,1909f56bfc062723c751e8b465ee728b)  -> (artifact id: '1d5ffc9e2931363e00139f04dd74da77') in 0.028255 seconds 
========================================================================
Received Import Request.
  Time since last request: 0.000074 seconds.
  path: Assets/Sprites/Models/Street_well2.fbx
  artifactKey: Guid(8498d3c2e95c7f54cace89b4ff0f8e63) Importer(815301076,1909f56bfc062723c751e8b465ee728b)
Start importing Assets/Sprites/Models/Street_well2.fbx using Guid(8498d3c2e95c7f54cace89b4ff0f8e63) Importer(815301076,1909f56bfc062723c751e8b465ee728b)  -> (artifact id: 'edefe34651ca1558a9bbef8761eabeba') in 0.027580 seconds 
========================================================================
Received Import Request.
  Time since last request: 0.000025 seconds.
  path: Assets/Sprites/Models/Streetlight_el2.fbx
  artifactKey: Guid(e799a9753216d6e44954446d4fc20c6e) Importer(815301076,1909f56bfc062723c751e8b465ee728b)
Start importing Assets/Sprites/Models/Streetlight_el2.fbx using Guid(e799a9753216d6e44954446d4fc20c6e) Importer(815301076,1909f56bfc062723c751e8b465ee728b)  -> (artifact id: 'ce27ae3f9cecd8d7bf8ac1c3393c494b') in 0.027506 seconds 
========================================================================
Received Import Request.
  Time since last request: 0.000058 seconds.
  path: Assets/Sprites/Models/Streetlight_el1B.fbx
  artifactKey: Guid(a9abad72771ce444e96ee159a1e5c852) Importer(815301076,1909f56bfc062723c751e8b465ee728b)
Start importing Assets/Sprites/Models/Streetlight_el1B.fbx using Guid(a9abad72771ce444e96ee159a1e5c852) Importer(815301076,1909f56bfc062723c751e8b465ee728b)  -> (artifact id: '918263c6be913974c46663358cd27c25') in 0.039459 seconds 
========================================================================
Received Import Request.
  Time since last request: 0.000049 seconds.
  path: Assets/Sprites/Models/Trash1.fbx
  artifactKey: Guid(bee2d5801f4782d44aeda82b16d66c10) Importer(815301076,1909f56bfc062723c751e8b465ee728b)
Start importing Assets/Sprites/Models/Trash1.fbx using Guid(bee2d5801f4782d44aeda82b16d66c10) Importer(815301076,1909f56bfc062723c751e8b465ee728b)  -> (artifact id: 'cb1c3f7a5b14442024c6d72944c754e5') in 0.035054 seconds 
========================================================================
Received Import Request.
  Time since last request: 0.000064 seconds.
  path: Assets/Sprites/Models/Tree1_big.fbx
  artifactKey: Guid(633c383983a59224196f6d37e4b6e250) Importer(815301076,1909f56bfc062723c751e8b465ee728b)
Start importing Assets/Sprites/Models/Tree1_big.fbx using Guid(633c383983a59224196f6d37e4b6e250) Importer(815301076,1909f56bfc062723c751e8b465ee728b)  -> (artifact id: 'd740e373adfca302a910c8b74a98a609') in 0.044041 seconds 
========================================================================
Received Import Request.
  Time since last request: 0.000018 seconds.
  path: Assets/Sprites/Models/Tree1.fbx
  artifactKey: Guid(66308e7000eca544e9be09c3258e8e70) Importer(815301076,1909f56bfc062723c751e8b465ee728b)
Start importing Assets/Sprites/Models/Tree1.fbx using Guid(66308e7000eca544e9be09c3258e8e70) Importer(815301076,1909f56bfc062723c751e8b465ee728b)  -> (artifact id: 'e3f188d7bf215a0634171ec7004d60d9') in 0.037203 seconds 
========================================================================
Received Import Request.
  Time since last request: 0.000027 seconds.
  path: Assets/Sprites/Models/Streetlight1B.fbx
  artifactKey: Guid(cf5367f97cee5df4aa66fdca314997ff) Importer(815301076,1909f56bfc062723c751e8b465ee728b)
Start importing Assets/Sprites/Models/Streetlight1B.fbx using Guid(cf5367f97cee5df4aa66fdca314997ff) Importer(815301076,1909f56bfc062723c751e8b465ee728b)  -> (artifact id: '48b08d12118985fbc5b46cfa0c9adc68') in 0.029620 seconds 
========================================================================
Received Import Request.
  Time since last request: 0.173399 seconds.
  path: Assets/Sprites/Models/Tree4.fbx
  artifactKey: Guid(a45ee2d9c1ca05f40b051e4993d7699c) Importer(815301076,1909f56bfc062723c751e8b465ee728b)
Start importing Assets/Sprites/Models/Tree4.fbx using Guid(a45ee2d9c1ca05f40b051e4993d7699c) Importer(815301076,1909f56bfc062723c751e8b465ee728b)  -> (artifact id: 'febb05f5d0204c2a45710cde3baba082') in 0.035969 seconds 
========================================================================
Received Import Request.
  Time since last request: 0.000021 seconds.
  path: Assets/Sprites/Models/Tree_conf2.fbx
  artifactKey: Guid(bf5ef49729c093c4cb25c29c6679b22e) Importer(815301076,1909f56bfc062723c751e8b465ee728b)
Start importing Assets/Sprites/Models/Tree_conf2.fbx using Guid(bf5ef49729c093c4cb25c29c6679b22e) Importer(815301076,1909f56bfc062723c751e8b465ee728b)  -> (artifact id: 'fd35c53f73285f939c61357595258001') in 0.037480 seconds 
========================================================================
Received Import Request.
  Time since last request: 0.000060 seconds.
  path: Assets/Sprites/Models/Windmill2.fbx
  artifactKey: Guid(2cf51f751fd00f948895e383112883fa) Importer(815301076,1909f56bfc062723c751e8b465ee728b)
Start importing Assets/Sprites/Models/Windmill2.fbx using Guid(2cf51f751fd00f948895e383112883fa) Importer(815301076,1909f56bfc062723c751e8b465ee728b)  -> (artifact id: '457c2f0cfe25423ca779e8538135dda5') in 0.053419 seconds 
========================================================================
Received Import Request.
  Time since last request: 0.000047 seconds.
  path: Assets/Sprites/Models/Windmill1.fbx
  artifactKey: Guid(9728a225a8b16ad48913af5f8e2e5c0a) Importer(815301076,1909f56bfc062723c751e8b465ee728b)
Start importing Assets/Sprites/Models/Windmill1.fbx using Guid(9728a225a8b16ad48913af5f8e2e5c0a) Importer(815301076,1909f56bfc062723c751e8b465ee728b)  -> (artifact id: '2683eb726714544f3a427622358ee93a') in 0.062561 seconds 
========================================================================
Received Import Request.
  Time since last request: 2.356378 seconds.
  path: Assets/Sprites/Effects
  artifactKey: Guid(8eb1ab193260bcb4cbd6ddffc3c084e7) Importer(815301076,1909f56bfc062723c751e8b465ee728b)
Start importing Assets/Sprites/Effects using Guid(8eb1ab193260bcb4cbd6ddffc3c084e7) Importer(815301076,1909f56bfc062723c751e8b465ee728b)  -> (artifact id: '60ac8fca62217e9dd558eb1347cbd4ec') in 0.019640 seconds 
